app/build/intermediates/manifest_merge_blame_file/debug/processDebugMainManifest/manifest-merger-blame-debug-report.txt
1<?xml version="1.0" encoding="utf-8"?>
2<manifest xmlns:android="http://schemas.android.com/apk/res/android"
3    package="com.notificationdetector"
4    android:versionCode="1"
5    android:versionName="1.0" > <!-- Recomenda-se orientar o usuário a remover restrições de bateria para o app funcionar sempre em segundo plano -->
6    <!-- Dica: Para garantir funcionamento contínuo, oriente o usuário a remover o app das otimizações de bateria nas configurações do Android. -->
7    <uses-sdk
8        android:minSdkVersion="24"
9        android:targetSdkVersion="34" />
10
11    <uses-permission android:name="android.permission.INTERNET" />
11-->src\main\AndroidManifest.xml:41:5-67
11-->src\main\AndroidManifest.xml:41:22-64
12    <uses-permission android:name="android.permission.WRITE_EXTERNAL_STORAGE" />
12-->src\main\AndroidManifest.xml:42:5-81
12-->src\main\AndroidManifest.xml:42:22-78
13    <uses-permission android:name="android.permission.READ_EXTERNAL_STORAGE" />
13-->src\main\AndroidManifest.xml:43:5-80
13-->src\main\AndroidManifest.xml:43:22-77
14    <uses-permission android:name="android.permission.RECEIVE_BOOT_COMPLETED" />
14-->src\main\AndroidManifest.xml:44:5-81
14-->src\main\AndroidManifest.xml:44:22-78
15    <uses-permission android:name="android.permission.FOREGROUND_SERVICE" />
15-->src\main\AndroidManifest.xml:45:5-77
15-->src\main\AndroidManifest.xml:45:22-74
16    <uses-permission android:name="android.permission.FOREGROUND_SERVICE_DATA_SYNC" />
16-->src\main\AndroidManifest.xml:46:5-87
16-->src\main\AndroidManifest.xml:46:22-84
17    <uses-permission android:name="android.permission.POST_NOTIFICATIONS" />
17-->src\main\AndroidManifest.xml:47:5-77
17-->src\main\AndroidManifest.xml:47:22-74
18
19    <permission
19-->[androidx.core:core:1.9.0] AndroidManifest.xml:22:5-24:47
20        android:name="com.notificationdetector.DYNAMIC_RECEIVER_NOT_EXPORTED_PERMISSION"
20-->[androidx.core:core:1.9.0] AndroidManifest.xml:23:9-81
21        android:protectionLevel="signature" />
21-->[androidx.core:core:1.9.0] AndroidManifest.xml:24:9-44
22
23    <uses-permission android:name="com.notificationdetector.DYNAMIC_RECEIVER_NOT_EXPORTED_PERMISSION" />
23-->[androidx.core:core:1.9.0] AndroidManifest.xml:26:5-97
23-->[androidx.core:core:1.9.0] AndroidManifest.xml:26:22-94
24
25    <application
25-->src\main\AndroidManifest.xml:4:5-39:19
26        android:allowBackup="true"
26-->src\main\AndroidManifest.xml:5:9-35
27        android:appComponentFactory="androidx.core.app.CoreComponentFactory"
27-->[androidx.core:core:1.9.0] AndroidManifest.xml:28:18-86
28        android:debuggable="true"
29        android:extractNativeLibs="false"
30        android:icon="@android:drawable/ic_dialog_info"
30-->src\main\AndroidManifest.xml:7:9-56
31        android:label="NotificationDetector"
31-->src\main\AndroidManifest.xml:6:9-45
32        android:roundIcon="@android:drawable/ic_dialog_info"
32-->src\main\AndroidManifest.xml:8:9-61
33        android:supportsRtl="true"
33-->src\main\AndroidManifest.xml:9:9-35
34        android:testOnly="true"
35        android:theme="@style/Theme.DetectarNotificacoes" >
35-->src\main\AndroidManifest.xml:10:9-58
36        <activity
36-->src\main\AndroidManifest.xml:11:9-12:40
37            android:name="com.notificationdetector.SettingsActivity"
37-->src\main\AndroidManifest.xml:11:19-51
38            android:exported="false" />
38-->src\main\AndroidManifest.xml:12:13-37
39        <activity
39-->src\main\AndroidManifest.xml:13:9-19:20
40            android:name="com.notificationdetector.MainActivity"
40-->src\main\AndroidManifest.xml:13:19-47
41            android:exported="true" >
41-->src\main\AndroidManifest.xml:14:13-36
42            <intent-filter>
42-->src\main\AndroidManifest.xml:15:13-18:29
43                <action android:name="android.intent.action.MAIN" />
43-->src\main\AndroidManifest.xml:16:17-69
43-->src\main\AndroidManifest.xml:16:25-66
44
45                <category android:name="android.intent.category.LAUNCHER" />
45-->src\main\AndroidManifest.xml:17:17-77
45-->src\main\AndroidManifest.xml:17:27-74
46            </intent-filter>
47        </activity>
48
49        <service
49-->src\main\AndroidManifest.xml:20:9-28:19
50            android:name="com.notificationdetector.BankNotificationListenerService"
50-->src\main\AndroidManifest.xml:21:13-60
51            android:exported="false"
51-->src\main\AndroidManifest.xml:24:13-37
52            android:label="Notification Listener"
52-->src\main\AndroidManifest.xml:22:13-50
53            android:permission="android.permission.BIND_NOTIFICATION_LISTENER_SERVICE" >
53-->src\main\AndroidManifest.xml:23:13-87
54            <intent-filter>
54-->src\main\AndroidManifest.xml:25:13-27:29
55                <action android:name="android.service.notification.NotificationListenerService" />
55-->src\main\AndroidManifest.xml:26:17-99
55-->src\main\AndroidManifest.xml:26:25-96
56            </intent-filter>
57        </service>
58
59        <receiver
59-->src\main\AndroidManifest.xml:29:9-33:20
60            android:name="com.notificationdetector.BootReceiver"
60-->src\main\AndroidManifest.xml:29:19-47
61            android:enabled="true"
61-->src\main\AndroidManifest.xml:29:48-70
62            android:exported="true" >
62-->src\main\AndroidManifest.xml:29:71-94
63            <intent-filter>
63-->src\main\AndroidManifest.xml:30:13-32:29
64                <action android:name="android.intent.action.BOOT_COMPLETED" />
64-->src\main\AndroidManifest.xml:31:17-79
64-->src\main\AndroidManifest.xml:31:25-76
65            </intent-filter>
66        </receiver>
67
68        <service
68-->src\main\AndroidManifest.xml:34:9-38:56
69            android:name="com.notificationdetector.ForegroundService"
69-->src\main\AndroidManifest.xml:35:13-46
70            android:enabled="true"
70-->src\main\AndroidManifest.xml:36:13-35
71            android:exported="false"
71-->src\main\AndroidManifest.xml:37:13-37
72            android:foregroundServiceType="dataSync" />
72-->src\main\AndroidManifest.xml:38:13-53
73
74        <provider
74-->[androidx.emoji2:emoji2:1.2.0] AndroidManifest.xml:24:9-32:20
75            android:name="androidx.startup.InitializationProvider"
75-->[androidx.emoji2:emoji2:1.2.0] AndroidManifest.xml:25:13-67
76            android:authorities="com.notificationdetector.androidx-startup"
76-->[androidx.emoji2:emoji2:1.2.0] AndroidManifest.xml:26:13-68
77            android:exported="false" >
77-->[androidx.emoji2:emoji2:1.2.0] AndroidManifest.xml:27:13-37
78            <meta-data
78-->[androidx.emoji2:emoji2:1.2.0] AndroidManifest.xml:29:13-31:52
79                android:name="androidx.emoji2.text.EmojiCompatInitializer"
79-->[androidx.emoji2:emoji2:1.2.0] AndroidManifest.xml:30:17-75
80                android:value="androidx.startup" />
80-->[androidx.emoji2:emoji2:1.2.0] AndroidManifest.xml:31:17-49
81            <meta-data
81-->[androidx.lifecycle:lifecycle-process:2.6.1] AndroidManifest.xml:29:13-31:52
82                android:name="androidx.lifecycle.ProcessLifecycleInitializer"
82-->[androidx.lifecycle:lifecycle-process:2.6.1] AndroidManifest.xml:30:17-78
83                android:value="androidx.startup" />
83-->[androidx.lifecycle:lifecycle-process:2.6.1] AndroidManifest.xml:31:17-49
84            <meta-data
84-->[androidx.profileinstaller:profileinstaller:1.3.0] AndroidManifest.xml:29:13-31:52
85                android:name="androidx.profileinstaller.ProfileInstallerInitializer"
85-->[androidx.profileinstaller:profileinstaller:1.3.0] AndroidManifest.xml:30:17-85
86                android:value="androidx.startup" />
86-->[androidx.profileinstaller:profileinstaller:1.3.0] AndroidManifest.xml:31:17-49
87        </provider>
88
89        <receiver
89-->[androidx.profileinstaller:profileinstaller:1.3.0] AndroidManifest.xml:34:9-52:20
90            android:name="androidx.profileinstaller.ProfileInstallReceiver"
90-->[androidx.profileinstaller:profileinstaller:1.3.0] AndroidManifest.xml:35:13-76
91            android:directBootAware="false"
91-->[androidx.profileinstaller:profileinstaller:1.3.0] AndroidManifest.xml:36:13-44
92            android:enabled="true"
92-->[androidx.profileinstaller:profileinstaller:1.3.0] AndroidManifest.xml:37:13-35
93            android:exported="true"
93-->[androidx.profileinstaller:profileinstaller:1.3.0] AndroidManifest.xml:38:13-36
94            android:permission="android.permission.DUMP" >
94-->[androidx.profileinstaller:profileinstaller:1.3.0] AndroidManifest.xml:39:13-57
95            <intent-filter>
95-->[androidx.profileinstaller:profileinstaller:1.3.0] AndroidManifest.xml:40:13-42:29
96                <action android:name="androidx.profileinstaller.action.INSTALL_PROFILE" />
96-->[androidx.profileinstaller:profileinstaller:1.3.0] AndroidManifest.xml:41:17-91
96-->[androidx.profileinstaller:profileinstaller:1.3.0] AndroidManifest.xml:41:25-88
97            </intent-filter>
98            <intent-filter>
98-->[androidx.profileinstaller:profileinstaller:1.3.0] AndroidManifest.xml:43:13-45:29
99                <action android:name="androidx.profileinstaller.action.SKIP_FILE" />
99-->[androidx.profileinstaller:profileinstaller:1.3.0] AndroidManifest.xml:44:17-85
99-->[androidx.profileinstaller:profileinstaller:1.3.0] AndroidManifest.xml:44:25-82
100            </intent-filter>
101            <intent-filter>
101-->[androidx.profileinstaller:profileinstaller:1.3.0] AndroidManifest.xml:46:13-48:29
102                <action android:name="androidx.profileinstaller.action.SAVE_PROFILE" />
102-->[androidx.profileinstaller:profileinstaller:1.3.0] AndroidManifest.xml:47:17-88
102-->[androidx.profileinstaller:profileinstaller:1.3.0] AndroidManifest.xml:47:25-85
103            </intent-filter>
104            <intent-filter>
104-->[androidx.profileinstaller:profileinstaller:1.3.0] AndroidManifest.xml:49:13-51:29
105                <action android:name="androidx.profileinstaller.action.BENCHMARK_OPERATION" />
105-->[androidx.profileinstaller:profileinstaller:1.3.0] AndroidManifest.xml:50:17-95
105-->[androidx.profileinstaller:profileinstaller:1.3.0] AndroidManifest.xml:50:25-92
106            </intent-filter>
107        </receiver>
108    </application>
109
110</manifest>